<?xml version="1.0" encoding="UTF-8"?>
<!-- Generated by org.testng.reporters.JUnitReportReporter -->
<testsuite hostname="Jawed" failures="0" tests="1" name="com.myshop.testcases.MyAccountPageTest" time="8.235" errors="0" timestamp="2024-09-30T13:36:15 IST" skipped="0">
  <testcase classname="com.myshop.testcases.MyAccountPageTest" name="verifyLogin" time="8.235"/>
</testsuite> <!-- com.myshop.testcases.MyAccountPageTest -->
